<?xml version="1.0" encoding="UTF-8"?>
<robot generator="Robot 5.0 (Python 3.6.9 on linux)" generated="20220525 22:52:15.739" rpa="false" schemaversion="3">
<suite id="s1" name="Contacts Testcases" source="/home/idm/Desktop/HDK855/tests/contacts_testcases.robot">
<kw name="Initialize Metadata" type="SETUP">
<kw name="GET DEVICE NAME" library="base_lib">
<var>${devicename}</var>
<msg timestamp="20220525 22:52:32.279" level="INFO">coral</msg>
<msg timestamp="20220525 22:52:32.279" level="INFO">${devicename} = coral
</msg>
<status status="PASS" starttime="20220525 22:52:32.257" endtime="20220525 22:52:32.279"/>
</kw>
<kw name="Set Suite Metadata" library="BuiltIn">
<arg>Device Name</arg>
<arg>${devicename}</arg>
<doc>Sets metadata for the current test suite.</doc>
<msg timestamp="20220525 22:52:32.281" level="INFO">Set suite metadata 'Device Name' to value 'coral
'.</msg>
<status status="PASS" starttime="20220525 22:52:32.280" endtime="20220525 22:52:32.281"/>
</kw>
<kw name="GET DEVICE MODEL" library="base_lib">
<var>${devicemodel}</var>
<msg timestamp="20220525 22:52:32.312" level="INFO">${devicemodel} = Pixel 4 XL
</msg>
<status status="PASS" starttime="20220525 22:52:32.281" endtime="20220525 22:52:32.312"/>
</kw>
<kw name="Set Suite Metadata" library="BuiltIn">
<arg>Device Model</arg>
<arg>${devicemodel}</arg>
<doc>Sets metadata for the current test suite.</doc>
<msg timestamp="20220525 22:52:32.314" level="INFO">Set suite metadata 'Device Model' to value 'Pixel 4 XL
'.</msg>
<status status="PASS" starttime="20220525 22:52:32.313" endtime="20220525 22:52:32.314"/>
</kw>
<kw name="GET ANDROID VERSION" library="base_lib">
<var>${Android_ver}</var>
<msg timestamp="20220525 22:52:32.338" level="INFO">${Android_ver} = 10
</msg>
<status status="PASS" starttime="20220525 22:52:32.314" endtime="20220525 22:52:32.338"/>
</kw>
<kw name="Set Suite Metadata" library="BuiltIn">
<arg>OS Version</arg>
<arg>${Android_ver}</arg>
<doc>Sets metadata for the current test suite.</doc>
<msg timestamp="20220525 22:52:32.339" level="INFO">Set suite metadata 'OS Version' to value '10
'.</msg>
<status status="PASS" starttime="20220525 22:52:32.338" endtime="20220525 22:52:32.339"/>
</kw>
<kw name="GET BUILD ID" library="base_lib">
<var>${build_id}</var>
<msg timestamp="20220525 22:52:32.362" level="INFO">${build_id} = QD1A.190821.007
</msg>
<status status="PASS" starttime="20220525 22:52:32.340" endtime="20220525 22:52:32.362"/>
</kw>
<kw name="Set Suite Metadata" library="BuiltIn">
<arg>Build ID</arg>
<arg>${build_id}</arg>
<doc>Sets metadata for the current test suite.</doc>
<msg timestamp="20220525 22:52:32.364" level="INFO">Set suite metadata 'Build ID' to value 'QD1A.190821.007
'.</msg>
<status status="PASS" starttime="20220525 22:52:32.363" endtime="20220525 22:52:32.364"/>
</kw>
<status status="PASS" starttime="20220525 22:52:32.257" endtime="20220525 22:52:32.364"/>
</kw>
<test id="s1-t1" name="Test_001 - CREATE NEW CONTACT" line="34">
<kw name="START TEST" library="base_lib" type="SETUP">
<status status="PASS" starttime="20220525 22:52:32.367" endtime="20220525 22:52:38.390"/>
</kw>
<kw name="LAUNCH CONTACTS" library="contacts_lib">
<var>${result}</var>
<msg timestamp="20220525 22:52:48.374" level="INFO">Launching Contacts</msg>
<msg timestamp="20220525 22:52:48.374" level="INFO">${result} = True</msg>
<status status="PASS" starttime="20220525 22:52:38.391" endtime="20220525 22:52:48.374"/>
</kw>
<kw name="ADD CONTACT" library="contacts_lib">
<var>${result}</var>
<arg>${contact1_name}</arg>
<arg>${contact1_number}</arg>
<msg timestamp="20220525 22:53:14.328" level="INFO">coral

coral

coral

coral

Contact successfully added</msg>
<msg timestamp="20220525 22:53:14.329" level="INFO">${result} = True</msg>
<status status="PASS" starttime="20220525 22:52:48.375" endtime="20220525 22:53:14.329"/>
</kw>
<kw name="ADD CONTACT" library="contacts_lib">
<var>${result}</var>
<arg>${contact2_name}</arg>
<arg>${contact2_number}</arg>
<msg timestamp="20220525 22:53:40.236" level="INFO">coral

coral

coral

coral

Contact successfully added</msg>
<msg timestamp="20220525 22:53:40.237" level="INFO">${result} = True</msg>
<status status="PASS" starttime="20220525 22:53:14.330" endtime="20220525 22:53:40.237"/>
</kw>
<kw name="Run Keyword If" library="BuiltIn">
<arg>${result}==False</arg>
<arg>Fail</arg>
<arg>ADD_CONTACT_FAILED</arg>
<arg>ELSE</arg>
<arg>LOG</arg>
<arg>PASS</arg>
<doc>Runs the given keyword with the given arguments, if ``condition`` is true.</doc>
<kw name="Log" library="BuiltIn">
<arg>PASS</arg>
<doc>Logs the given message with the given level.</doc>
<msg timestamp="20220525 22:53:40.240" level="INFO">PASS</msg>
<status status="PASS" starttime="20220525 22:53:40.239" endtime="20220525 22:53:40.240"/>
</kw>
<status status="PASS" starttime="20220525 22:53:40.238" endtime="20220525 22:53:40.240"/>
</kw>
<kw name="END TEST" library="base_lib" type="TEARDOWN">
<msg timestamp="20220525 22:53:51.286" level="INFO">coral

coral</msg>
<status status="PASS" starttime="20220525 22:53:40.240" endtime="20220525 22:53:51.287"/>
</kw>
<tag>Sanity</tag>
<status status="PASS" starttime="20220525 22:52:32.365" endtime="20220525 22:53:51.287"/>
</test>
<test id="s1-t2" name="Test_002 - SEARCH CONTACT" line="42">
<kw name="START TEST" library="base_lib" type="SETUP">
<status status="PASS" starttime="20220525 22:53:51.289" endtime="20220525 22:53:57.306"/>
</kw>
<kw name="LAUNCH CONTACTS" library="contacts_lib">
<var>${result}</var>
<msg timestamp="20220525 22:54:07.370" level="INFO">Launching Contacts</msg>
<msg timestamp="20220525 22:54:07.370" level="INFO">${result} = True</msg>
<status status="PASS" starttime="20220525 22:53:57.307" endtime="20220525 22:54:07.371"/>
</kw>
<kw name="SEARCH CONTACT BY NAME" library="contacts_lib">
<var>${result}</var>
<arg>${contact1_name}</arg>
<msg timestamp="20220525 22:54:11.094" level="INFO">coral</msg>
<msg timestamp="20220525 22:54:11.095" level="INFO">${result} = True</msg>
<status status="PASS" starttime="20220525 22:54:07.371" endtime="20220525 22:54:11.095"/>
</kw>
<kw name="Run Keyword If" library="BuiltIn">
<arg>${result}==False</arg>
<arg>Fail</arg>
<arg>SEARCH_CONTACT_FAILED</arg>
<arg>ELSE</arg>
<arg>LOG</arg>
<arg>PASS</arg>
<doc>Runs the given keyword with the given arguments, if ``condition`` is true.</doc>
<kw name="Log" library="BuiltIn">
<arg>PASS</arg>
<doc>Logs the given message with the given level.</doc>
<msg timestamp="20220525 22:54:11.098" level="INFO">PASS</msg>
<status status="PASS" starttime="20220525 22:54:11.097" endtime="20220525 22:54:11.098"/>
</kw>
<status status="PASS" starttime="20220525 22:54:11.096" endtime="20220525 22:54:11.098"/>
</kw>
<kw name="END TEST" library="base_lib" type="TEARDOWN">
<msg timestamp="20220525 22:54:22.078" level="INFO">coral

coral</msg>
<status status="PASS" starttime="20220525 22:54:11.098" endtime="20220525 22:54:22.079"/>
</kw>
<tag>Sanity</tag>
<status status="PASS" starttime="20220525 22:53:51.288" endtime="20220525 22:54:22.079"/>
</test>
<test id="s1-t3" name="Test_003 - EDIT CONTACT NAME" line="49">
<kw name="START TEST" library="base_lib" type="SETUP">
<status status="PASS" starttime="20220525 22:54:22.081" endtime="20220525 22:54:28.098"/>
</kw>
<kw name="LAUNCH CONTACTS" library="contacts_lib">
<var>${result}</var>
<msg timestamp="20220525 22:54:38.076" level="INFO">Launching Contacts</msg>
<msg timestamp="20220525 22:54:38.076" level="INFO">${result} = True</msg>
<status status="PASS" starttime="20220525 22:54:28.099" endtime="20220525 22:54:38.077"/>
</kw>
<kw name="EDIT CONTACT NAME" library="contacts_lib">
<var>${result}</var>
<arg>${contact2_name}</arg>
<arg>${changed_name}</arg>
<msg timestamp="20220525 22:55:09.001" level="INFO">coral

coral

Exception occured JsonRPC Error code: -32002, Message: androidx.test.uiautomator.UiObjectNotFoundException: UiSelector[CLASS=android.widget.TextView, RESOURCE_ID=com.google.android.contacts:id/menu_insert_or_edit]</msg>
<msg timestamp="20220525 22:55:09.002" level="INFO">${result} = False</msg>
<status status="PASS" starttime="20220525 22:54:38.077" endtime="20220525 22:55:09.002"/>
</kw>
<kw name="Run Keyword If" library="BuiltIn">
<arg>${result}==False</arg>
<arg>Fail</arg>
<arg>EDIT_CONTACT_FAILED</arg>
<arg>ELSE</arg>
<arg>LOG</arg>
<arg>PASS</arg>
<doc>Runs the given keyword with the given arguments, if ``condition`` is true.</doc>
<kw name="Fail" library="BuiltIn">
<arg>EDIT_CONTACT_FAILED</arg>
<doc>Fails the test with the given message and optionally alters its tags.</doc>
<msg timestamp="20220525 22:55:09.005" level="FAIL">EDIT_CONTACT_FAILED</msg>
<status status="FAIL" starttime="20220525 22:55:09.004" endtime="20220525 22:55:09.005"/>
</kw>
<status status="FAIL" starttime="20220525 22:55:09.003" endtime="20220525 22:55:09.006"/>
</kw>
<kw name="END TEST" library="base_lib" type="TEARDOWN">
<msg timestamp="20220525 22:55:19.980" level="INFO">coral

coral</msg>
<status status="PASS" starttime="20220525 22:55:09.006" endtime="20220525 22:55:19.980"/>
</kw>
<tag>Sanity</tag>
<status status="FAIL" starttime="20220525 22:54:22.080" endtime="20220525 22:55:19.980">EDIT_CONTACT_FAILED</status>
</test>
<test id="s1-t4" name="Test_004 - EDIT CONTACT NUMBER" line="55">
<kw name="START TEST" library="base_lib" type="SETUP">
<status status="PASS" starttime="20220525 22:55:19.982" endtime="20220525 22:55:25.994"/>
</kw>
<kw name="LAUNCH CONTACTS" library="contacts_lib">
<var>${result}</var>
<msg timestamp="20220525 22:55:35.926" level="INFO">Launching Contacts</msg>
<msg timestamp="20220525 22:55:35.926" level="INFO">${result} = True</msg>
<status status="PASS" starttime="20220525 22:55:25.995" endtime="20220525 22:55:35.926"/>
</kw>
<kw name="EDIT CONTACT NUMBER" library="contacts_lib">
<var>${result}</var>
<arg>${contact1_name}</arg>
<arg>${changed_number}</arg>
<msg timestamp="20220525 22:56:06.258" level="INFO">coral

coral

Exception occured JsonRPC Error code: -32002, Message: androidx.test.uiautomator.UiObjectNotFoundException: UiSelector[CLASS=android.widget.TextView, RESOURCE_ID=com.google.android.contacts:id/menu_insert_or_edit]</msg>
<msg timestamp="20220525 22:56:06.259" level="INFO">${result} = False</msg>
<status status="PASS" starttime="20220525 22:55:35.927" endtime="20220525 22:56:06.259"/>
</kw>
<kw name="Run Keyword If" library="BuiltIn">
<arg>${result}==False</arg>
<arg>Fail</arg>
<arg>EDIT_CONTACT_FAILED</arg>
<arg>ELSE</arg>
<arg>LOG</arg>
<arg>PASS</arg>
<doc>Runs the given keyword with the given arguments, if ``condition`` is true.</doc>
<kw name="Fail" library="BuiltIn">
<arg>EDIT_CONTACT_FAILED</arg>
<doc>Fails the test with the given message and optionally alters its tags.</doc>
<msg timestamp="20220525 22:56:06.262" level="FAIL">EDIT_CONTACT_FAILED</msg>
<status status="FAIL" starttime="20220525 22:56:06.261" endtime="20220525 22:56:06.262"/>
</kw>
<status status="FAIL" starttime="20220525 22:56:06.260" endtime="20220525 22:56:06.262"/>
</kw>
<kw name="END TEST" library="base_lib" type="TEARDOWN">
<msg timestamp="20220525 22:56:17.329" level="INFO">coral

coral</msg>
<status status="PASS" starttime="20220525 22:56:06.263" endtime="20220525 22:56:17.329"/>
</kw>
<tag>Sanity</tag>
<status status="FAIL" starttime="20220525 22:55:19.981" endtime="20220525 22:56:17.330">EDIT_CONTACT_FAILED</status>
</test>
<test id="s1-t5" name="Test_005 - EXPORT CONTACT" line="62">
<kw name="START TEST" library="base_lib" type="SETUP">
<status status="PASS" starttime="20220525 22:56:17.332" endtime="20220525 22:56:23.346"/>
</kw>
<kw name="LAUNCH CONTACTS" library="contacts_lib">
<var>${result}</var>
<msg timestamp="20220525 22:56:33.277" level="INFO">Launching Contacts</msg>
<msg timestamp="20220525 22:56:33.277" level="INFO">${result} = True</msg>
<status status="PASS" starttime="20220525 22:56:23.347" endtime="20220525 22:56:33.278"/>
</kw>
<kw name="EXPORT CONTACTS" library="contacts_lib">
<var>${result}</var>
<msg timestamp="20220525 22:56:43.390" level="INFO">coral

coral</msg>
<msg timestamp="20220525 22:56:43.391" level="INFO">${result} = True</msg>
<status status="PASS" starttime="20220525 22:56:33.278" endtime="20220525 22:56:43.391"/>
</kw>
<kw name="Run Keyword If" library="BuiltIn">
<arg>${result}==False</arg>
<arg>Fail</arg>
<arg>EXPORT_CONTACT_FAILED</arg>
<arg>ELSE</arg>
<arg>LOG</arg>
<arg>PASS</arg>
<doc>Runs the given keyword with the given arguments, if ``condition`` is true.</doc>
<kw name="Log" library="BuiltIn">
<arg>PASS</arg>
<doc>Logs the given message with the given level.</doc>
<msg timestamp="20220525 22:56:43.393" level="INFO">PASS</msg>
<status status="PASS" starttime="20220525 22:56:43.393" endtime="20220525 22:56:43.393"/>
</kw>
<status status="PASS" starttime="20220525 22:56:43.392" endtime="20220525 22:56:43.393"/>
</kw>
<kw name="END TEST" library="base_lib" type="TEARDOWN">
<msg timestamp="20220525 22:56:54.411" level="INFO">coral

coral</msg>
<status status="PASS" starttime="20220525 22:56:43.394" endtime="20220525 22:56:54.412"/>
</kw>
<tag>Sanity</tag>
<status status="PASS" starttime="20220525 22:56:17.331" endtime="20220525 22:56:54.412"/>
</test>
<test id="s1-t6" name="Test_006 - IMPORT CONTACTS" line="69">
<kw name="START TEST" library="base_lib" type="SETUP">
<status status="PASS" starttime="20220525 22:56:54.415" endtime="20220525 22:57:00.432"/>
</kw>
<kw name="LAUNCH CONTACTS" library="contacts_lib">
<var>${result}</var>
<msg timestamp="20220525 22:57:10.390" level="INFO">Launching Contacts</msg>
<msg timestamp="20220525 22:57:10.390" level="INFO">${result} = True</msg>
<status status="PASS" starttime="20220525 22:57:00.432" endtime="20220525 22:57:10.390"/>
</kw>
<kw name="IMPORT CONTACTS" library="contacts_lib">
<var>${result}</var>
<msg timestamp="20220525 22:57:26.041" level="INFO">coral

Import successful</msg>
<msg timestamp="20220525 22:57:26.042" level="INFO">${result} = True</msg>
<status status="PASS" starttime="20220525 22:57:10.391" endtime="20220525 22:57:26.042"/>
</kw>
<kw name="Run Keyword If" library="BuiltIn">
<arg>${result}==False</arg>
<arg>Fail</arg>
<arg>IMPORT_CONTACT_FAILED</arg>
<arg>ELSE</arg>
<arg>LOG</arg>
<arg>PASS</arg>
<doc>Runs the given keyword with the given arguments, if ``condition`` is true.</doc>
<kw name="Log" library="BuiltIn">
<arg>PASS</arg>
<doc>Logs the given message with the given level.</doc>
<msg timestamp="20220525 22:57:26.044" level="INFO">PASS</msg>
<status status="PASS" starttime="20220525 22:57:26.044" endtime="20220525 22:57:26.044"/>
</kw>
<status status="PASS" starttime="20220525 22:57:26.043" endtime="20220525 22:57:26.044"/>
</kw>
<kw name="END TEST" library="base_lib" type="TEARDOWN">
<msg timestamp="20220525 22:57:37.094" level="INFO">coral

coral</msg>
<status status="PASS" starttime="20220525 22:57:26.045" endtime="20220525 22:57:37.095"/>
</kw>
<tag>Sanity</tag>
<status status="PASS" starttime="20220525 22:56:54.414" endtime="20220525 22:57:37.095"/>
</test>
<test id="s1-t7" name="Test_007 - SEND TEXT MESSAGE" line="76">
<kw name="START TEST" library="base_lib" type="SETUP">
<status status="PASS" starttime="20220525 22:57:37.097" endtime="20220525 22:57:43.114"/>
</kw>
<kw name="LAUNCH CONTACTS" library="contacts_lib">
<var>${result}</var>
<msg timestamp="20220525 22:57:53.061" level="INFO">Launching Contacts</msg>
<msg timestamp="20220525 22:57:53.061" level="INFO">${result} = True</msg>
<status status="PASS" starttime="20220525 22:57:43.114" endtime="20220525 22:57:53.062"/>
</kw>
<kw name="SEND MESSAGE" library="contacts_lib">
<var>${result}</var>
<arg>${contact1_name}</arg>
<arg>${message}</arg>
<msg timestamp="20220525 22:58:23.899" level="INFO">coral

coral

Exception occured JsonRPC Error code: -32002, Message: androidx.test.uiautomator.UiObjectNotFoundException: UiSelector[TEXT=Text, CLASS=android.widget.TextView]</msg>
<msg timestamp="20220525 22:58:23.899" level="INFO">${result} = False</msg>
<status status="PASS" starttime="20220525 22:57:53.062" endtime="20220525 22:58:23.900"/>
</kw>
<kw name="Run Keyword If" library="BuiltIn">
<arg>${result}==False</arg>
<arg>Fail</arg>
<arg>MESSAGE_CONTACT_FAILED</arg>
<arg>ELSE</arg>
<arg>LOG</arg>
<arg>PASS</arg>
<doc>Runs the given keyword with the given arguments, if ``condition`` is true.</doc>
<kw name="Fail" library="BuiltIn">
<arg>MESSAGE_CONTACT_FAILED</arg>
<doc>Fails the test with the given message and optionally alters its tags.</doc>
<msg timestamp="20220525 22:58:23.902" level="FAIL">MESSAGE_CONTACT_FAILED</msg>
<status status="FAIL" starttime="20220525 22:58:23.901" endtime="20220525 22:58:23.903"/>
</kw>
<status status="FAIL" starttime="20220525 22:58:23.900" endtime="20220525 22:58:23.903"/>
</kw>
<kw name="END TEST" library="base_lib" type="TEARDOWN">
<msg timestamp="20220525 22:58:34.948" level="INFO">coral

coral</msg>
<status status="PASS" starttime="20220525 22:58:23.904" endtime="20220525 22:58:34.948"/>
</kw>
<tag>Sanity</tag>
<status status="FAIL" starttime="20220525 22:57:37.096" endtime="20220525 22:58:34.949">MESSAGE_CONTACT_FAILED</status>
</test>
<test id="s1-t8" name="Test_008 - DELETE CONTACT" line="82">
<kw name="START TEST" library="base_lib" type="SETUP">
<status status="PASS" starttime="20220525 22:58:34.951" endtime="20220525 22:58:40.966"/>
</kw>
<kw name="LAUNCH CONTACTS" library="contacts_lib">
<var>${result}</var>
<msg timestamp="20220525 22:58:50.915" level="INFO">Launching Contacts</msg>
<msg timestamp="20220525 22:58:50.915" level="INFO">${result} = True</msg>
<status status="PASS" starttime="20220525 22:58:40.967" endtime="20220525 22:58:50.915"/>
</kw>
<kw name="DELETE CONTACT" library="contacts_lib">
<var>${result}</var>
<arg>${contact1_name}</arg>
<msg timestamp="20220525 22:58:50.937" level="INFO">coral</msg>
<msg timestamp="20220525 22:58:50.937" level="INFO">${result} = True</msg>
<status status="PASS" starttime="20220525 22:58:50.916" endtime="20220525 22:58:50.937"/>
</kw>
<kw name="Run Keyword If" library="BuiltIn">
<arg>${result}==False</arg>
<arg>Fail</arg>
<arg>DELETE_CONTACT_FAILED</arg>
<arg>ELSE</arg>
<arg>LOG</arg>
<arg>PASS</arg>
<doc>Runs the given keyword with the given arguments, if ``condition`` is true.</doc>
<kw name="Log" library="BuiltIn">
<arg>PASS</arg>
<doc>Logs the given message with the given level.</doc>
<msg timestamp="20220525 22:58:50.939" level="INFO">PASS</msg>
<status status="PASS" starttime="20220525 22:58:50.939" endtime="20220525 22:58:50.939"/>
</kw>
<status status="PASS" starttime="20220525 22:58:50.938" endtime="20220525 22:58:50.940"/>
</kw>
<kw name="END TEST" library="base_lib" type="TEARDOWN">
<msg timestamp="20220525 22:59:01.164" level="INFO">coral

coral</msg>
<status status="PASS" starttime="20220525 22:58:50.940" endtime="20220525 22:59:01.165"/>
</kw>
<tag>Sanity</tag>
<status status="PASS" starttime="20220525 22:58:34.950" endtime="20220525 22:59:01.165"/>
</test>
<doc>Sanity test</doc>
<meta name="Build ID">QD1A.190821.007
</meta>
<meta name="Device Model">Pixel 4 XL
</meta>
<meta name="Device Name">coral
</meta>
<meta name="OS Version">10
</meta>
<status status="FAIL" starttime="20220525 22:52:15.740" endtime="20220525 22:59:01.168"/>
</suite>
<statistics>
<total>
<stat pass="5" fail="3" skip="0">All Tests</stat>
</total>
<tag>
<stat pass="5" fail="3" skip="0">Sanity</stat>
</tag>
<suite>
<stat pass="5" fail="3" skip="0" id="s1" name="Contacts Testcases">Contacts Testcases</stat>
</suite>
</statistics>
<errors>
</errors>
</robot>
