<?xml version="1.0" encoding="UTF-8"?>
<robot generator="Robot 5.0 (Python 3.6.9 on linux)" generated="20220521 19:33:04.068" rpa="false" schemaversion="3">
<suite id="s1" name="Contacts Testcases" source="/home/idm/Desktop/HDK855/tests/contacts_testcases.robot">
<kw name="Initialize Metadata" type="SETUP">
<kw name="GET DEVICE NAME" library="base_lib">
<var>${devicename}</var>
<msg timestamp="20220521 19:33:04.375" level="INFO">coral</msg>
<msg timestamp="20220521 19:33:04.376" level="INFO">${devicename} = coral
</msg>
<status status="PASS" starttime="20220521 19:33:04.350" endtime="20220521 19:33:04.376"/>
</kw>
<kw name="Set Suite Metadata" library="BuiltIn">
<arg>Device Name</arg>
<arg>${devicename}</arg>
<doc>Sets metadata for the current test suite.</doc>
<msg timestamp="20220521 19:33:04.378" level="INFO">Set suite metadata 'Device Name' to value 'coral
'.</msg>
<status status="PASS" starttime="20220521 19:33:04.377" endtime="20220521 19:33:04.378"/>
</kw>
<kw name="GET DEVICE MODEL" library="base_lib">
<var>${devicemodel}</var>
<msg timestamp="20220521 19:33:04.401" level="INFO">${devicemodel} = Pixel 4 XL
</msg>
<status status="PASS" starttime="20220521 19:33:04.379" endtime="20220521 19:33:04.401"/>
</kw>
<kw name="Set Suite Metadata" library="BuiltIn">
<arg>Device Model</arg>
<arg>${devicemodel}</arg>
<doc>Sets metadata for the current test suite.</doc>
<msg timestamp="20220521 19:33:04.403" level="INFO">Set suite metadata 'Device Model' to value 'Pixel 4 XL
'.</msg>
<status status="PASS" starttime="20220521 19:33:04.402" endtime="20220521 19:33:04.403"/>
</kw>
<kw name="GET ANDROID VERSION" library="base_lib">
<var>${Android_ver}</var>
<msg timestamp="20220521 19:33:04.422" level="INFO">${Android_ver} = 10
</msg>
<status status="PASS" starttime="20220521 19:33:04.403" endtime="20220521 19:33:04.422"/>
</kw>
<kw name="Set Suite Metadata" library="BuiltIn">
<arg>OS Version</arg>
<arg>${Android_ver}</arg>
<doc>Sets metadata for the current test suite.</doc>
<msg timestamp="20220521 19:33:04.424" level="INFO">Set suite metadata 'OS Version' to value '10
'.</msg>
<status status="PASS" starttime="20220521 19:33:04.423" endtime="20220521 19:33:04.424"/>
</kw>
<kw name="GET BUILD ID" library="base_lib">
<var>${build_id}</var>
<msg timestamp="20220521 19:33:04.446" level="INFO">${build_id} = QD1A.190821.007
</msg>
<status status="PASS" starttime="20220521 19:33:04.424" endtime="20220521 19:33:04.446"/>
</kw>
<kw name="Set Suite Metadata" library="BuiltIn">
<arg>Build ID</arg>
<arg>${build_id}</arg>
<doc>Sets metadata for the current test suite.</doc>
<msg timestamp="20220521 19:33:04.447" level="INFO">Set suite metadata 'Build ID' to value 'QD1A.190821.007
'.</msg>
<status status="PASS" starttime="20220521 19:33:04.446" endtime="20220521 19:33:04.447"/>
</kw>
<status status="PASS" starttime="20220521 19:33:04.349" endtime="20220521 19:33:04.448"/>
</kw>
<test id="s1-t1" name="Test_001 - CREATE NEW CONTACT" line="34">
<kw name="START TEST" library="base_lib" type="SETUP">
<status status="PASS" starttime="20220521 19:33:04.451" endtime="20220521 19:33:11.428"/>
</kw>
<kw name="LAUNCH_CONTACTS">
<var>${result}</var>
<msg timestamp="20220521 19:33:11.432" level="FAIL">No keyword with name 'LAUNCH_CONTACTS' found.</msg>
<status status="FAIL" starttime="20220521 19:33:11.432" endtime="20220521 19:33:11.432"/>
</kw>
<kw name="ADD_CONTACT">
<var>${result}</var>
<arg>${contact1_name}</arg>
<arg>${contact1_number}</arg>
<status status="NOT RUN" starttime="20220521 19:33:11.434" endtime="20220521 19:33:11.434"/>
</kw>
<kw name="ADD_CONTACT">
<var>${result}</var>
<arg>${contact2_name}</arg>
<arg>${contact2_number}</arg>
<status status="NOT RUN" starttime="20220521 19:33:11.435" endtime="20220521 19:33:11.435"/>
</kw>
<kw name="Run Keyword If" library="BuiltIn">
<arg>${result}==False</arg>
<arg>Fail</arg>
<arg>ADD_CONTACT_FAILED</arg>
<arg>ELSE</arg>
<arg>LOG</arg>
<arg>PASS</arg>
<doc>Runs the given keyword with the given arguments, if ``condition`` is true.</doc>
<status status="NOT RUN" starttime="20220521 19:33:11.436" endtime="20220521 19:33:11.436"/>
</kw>
<kw name="END TEST" library="base_lib" type="TEARDOWN">
<msg timestamp="20220521 19:33:16.773" level="INFO">coral

coral</msg>
<status status="PASS" starttime="20220521 19:33:11.436" endtime="20220521 19:33:16.773"/>
</kw>
<tag>Sanity</tag>
<status status="FAIL" starttime="20220521 19:33:04.449" endtime="20220521 19:33:16.774">No keyword with name 'LAUNCH_CONTACTS' found.</status>
</test>
<test id="s1-t2" name="Test_002 - SEARCH CONTACT" line="42">
<kw name="START TEST" library="base_lib" type="SETUP">
<status status="PASS" starttime="20220521 19:33:16.776" endtime="20220521 19:33:22.800"/>
</kw>
<kw name="LAUNCH_CONTACTS">
<var>${result}</var>
<msg timestamp="20220521 19:33:22.804" level="FAIL">No keyword with name 'LAUNCH_CONTACTS' found.</msg>
<status status="FAIL" starttime="20220521 19:33:22.803" endtime="20220521 19:33:22.804"/>
</kw>
<kw name="SEARCH_CONTACT_BY_NAME">
<var>${result}</var>
<arg>${contact1_name}</arg>
<status status="NOT RUN" starttime="20220521 19:33:22.807" endtime="20220521 19:33:22.807"/>
</kw>
<kw name="Run Keyword If" library="BuiltIn">
<arg>${result}==False</arg>
<arg>Fail</arg>
<arg>SEARCH_CONTACT_FAILED</arg>
<arg>ELSE</arg>
<arg>LOG</arg>
<arg>PASS</arg>
<doc>Runs the given keyword with the given arguments, if ``condition`` is true.</doc>
<status status="NOT RUN" starttime="20220521 19:33:22.808" endtime="20220521 19:33:22.808"/>
</kw>
<kw name="END TEST" library="base_lib" type="TEARDOWN">
<msg timestamp="20220521 19:33:26.477" level="INFO">coral

coral</msg>
<status status="FAIL" starttime="20220521 19:33:22.808" endtime="20220521 19:33:26.478">Execution terminated by signal</status>
</kw>
<tag>Sanity</tag>
<status status="FAIL" starttime="20220521 19:33:16.775" endtime="20220521 19:33:26.479">No keyword with name 'LAUNCH_CONTACTS' found.

Also teardown failed:
Execution terminated by signal</status>
</test>
<test id="s1-t3" name="Test_003 - EDIT CONTACT NAME" line="49">
<tag>robot:exit</tag>
<tag>Sanity</tag>
<status status="FAIL" starttime="20220521 19:33:26.480" endtime="20220521 19:33:26.481">Test execution stopped due to a fatal error.</status>
</test>
<test id="s1-t4" name="Test_004 - EDIT CONTACT NUMBER" line="55">
<tag>robot:exit</tag>
<tag>Sanity</tag>
<status status="FAIL" starttime="20220521 19:33:26.482" endtime="20220521 19:33:26.483">Test execution stopped due to a fatal error.</status>
</test>
<test id="s1-t5" name="Test_005 - EXPORT CONTACT" line="62">
<tag>robot:exit</tag>
<tag>Sanity</tag>
<status status="FAIL" starttime="20220521 19:33:26.483" endtime="20220521 19:33:26.484">Test execution stopped due to a fatal error.</status>
</test>
<test id="s1-t6" name="Test_006 - IMPORT CONTACTS" line="69">
<tag>robot:exit</tag>
<tag>Sanity</tag>
<status status="FAIL" starttime="20220521 19:33:26.485" endtime="20220521 19:33:26.486">Test execution stopped due to a fatal error.</status>
</test>
<test id="s1-t7" name="Test_007 - SEND TEXT MESSAGE" line="76">
<tag>robot:exit</tag>
<tag>Sanity</tag>
<status status="FAIL" starttime="20220521 19:33:26.486" endtime="20220521 19:33:26.487">Test execution stopped due to a fatal error.</status>
</test>
<test id="s1-t8" name="Test_008 - DELETE CONTACT" line="82">
<tag>robot:exit</tag>
<tag>Sanity</tag>
<status status="FAIL" starttime="20220521 19:33:26.488" endtime="20220521 19:33:26.490">Test execution stopped due to a fatal error.</status>
</test>
<doc>Sanity test</doc>
<meta name="Build ID">QD1A.190821.007
</meta>
<meta name="Device Model">Pixel 4 XL
</meta>
<meta name="Device Name">coral
</meta>
<meta name="OS Version">10
</meta>
<status status="FAIL" starttime="20220521 19:33:04.069" endtime="20220521 19:33:26.491"/>
</suite>
<statistics>
<total>
<stat pass="0" fail="8" skip="0">All Tests</stat>
</total>
<tag>
<stat pass="0" fail="2" skip="0" info="combined" combined="NOT robot:exit">NOT robot:exit</stat>
<stat pass="0" fail="8" skip="0">Sanity</stat>
</tag>
<suite>
<stat pass="0" fail="8" skip="0" id="s1" name="Contacts Testcases">Contacts Testcases</stat>
</suite>
</statistics>
<errors>
<msg timestamp="20220521 19:33:04.347" level="ERROR">Error in file '/home/idm/Desktop/HDK855/tests/contacts_testcases.robot' on line 6: Importing library '/home/idm/Desktop/HDK855/library/contacts_lib.py' failed: IndentationError: unindent does not match any outer indentation level (contacts_lib.py, line 139)
Traceback (most recent call last):
  None
PYTHONPATH:
  /home/idm/Desktop/HDK855/library
  /usr/local/bin
  /usr/lib/python36.zip
  /usr/lib/python3.6
  /usr/lib/python3.6/lib-dynload
  /home/idm/.local/lib/python3.6/site-packages
  /usr/local/lib/python3.6/dist-packages
  /usr/lib/python3/dist-packages</msg>
</errors>
</robot>
