<?xml version="1.0" encoding="UTF-8"?>
<robot generator="Robot 5.0 (Python 3.6.9 on linux)" generated="20220525 20:52:28.713" rpa="false" schemaversion="3">
<suite id="s1" name="Contacts Testcases" source="/home/idm/Desktop/HDK855/tests/contacts_testcases.robot">
<kw name="Initialize Metadata" type="SETUP">
<kw name="GET DEVICE NAME" library="base_lib">
<var>${devicename}</var>
<msg timestamp="20220525 20:53:20.537" level="INFO">coral</msg>
<msg timestamp="20220525 20:53:20.538" level="INFO">${devicename} = coral
</msg>
<status status="PASS" starttime="20220525 20:53:20.516" endtime="20220525 20:53:20.538"/>
</kw>
<kw name="Set Suite Metadata" library="BuiltIn">
<arg>Device Name</arg>
<arg>${devicename}</arg>
<doc>Sets metadata for the current test suite.</doc>
<msg timestamp="20220525 20:53:20.540" level="INFO">Set suite metadata 'Device Name' to value 'coral
'.</msg>
<status status="PASS" starttime="20220525 20:53:20.539" endtime="20220525 20:53:20.540"/>
</kw>
<kw name="GET DEVICE MODEL" library="base_lib">
<var>${devicemodel}</var>
<msg timestamp="20220525 20:53:20.559" level="INFO">${devicemodel} = Pixel 4 XL
</msg>
<status status="PASS" starttime="20220525 20:53:20.540" endtime="20220525 20:53:20.559"/>
</kw>
<kw name="Set Suite Metadata" library="BuiltIn">
<arg>Device Model</arg>
<arg>${devicemodel}</arg>
<doc>Sets metadata for the current test suite.</doc>
<msg timestamp="20220525 20:53:20.561" level="INFO">Set suite metadata 'Device Model' to value 'Pixel 4 XL
'.</msg>
<status status="PASS" starttime="20220525 20:53:20.559" endtime="20220525 20:53:20.561"/>
</kw>
<kw name="GET ANDROID VERSION" library="base_lib">
<var>${Android_ver}</var>
<msg timestamp="20220525 20:53:20.582" level="INFO">${Android_ver} = 10
</msg>
<status status="PASS" starttime="20220525 20:53:20.561" endtime="20220525 20:53:20.583"/>
</kw>
<kw name="Set Suite Metadata" library="BuiltIn">
<arg>OS Version</arg>
<arg>${Android_ver}</arg>
<doc>Sets metadata for the current test suite.</doc>
<msg timestamp="20220525 20:53:20.584" level="INFO">Set suite metadata 'OS Version' to value '10
'.</msg>
<status status="PASS" starttime="20220525 20:53:20.583" endtime="20220525 20:53:20.584"/>
</kw>
<kw name="GET BUILD ID" library="base_lib">
<var>${build_id}</var>
<msg timestamp="20220525 20:53:20.605" level="INFO">${build_id} = QD1A.190821.007
</msg>
<status status="PASS" starttime="20220525 20:53:20.584" endtime="20220525 20:53:20.606"/>
</kw>
<kw name="Set Suite Metadata" library="BuiltIn">
<arg>Build ID</arg>
<arg>${build_id}</arg>
<doc>Sets metadata for the current test suite.</doc>
<msg timestamp="20220525 20:53:20.607" level="INFO">Set suite metadata 'Build ID' to value 'QD1A.190821.007
'.</msg>
<status status="PASS" starttime="20220525 20:53:20.606" endtime="20220525 20:53:20.607"/>
</kw>
<status status="PASS" starttime="20220525 20:53:20.515" endtime="20220525 20:53:20.607"/>
</kw>
<test id="s1-t1" name="Test_001 - CREATE NEW CONTACT" line="34">
<kw name="START TEST" library="base_lib" type="SETUP">
<status status="PASS" starttime="20220525 20:53:20.609" endtime="20220525 20:53:26.624"/>
</kw>
<kw name="LAUNCH CONTACTS" library="contacts_lib">
<var>${result}</var>
<msg timestamp="20220525 20:53:36.630" level="INFO">Launching Contacts</msg>
<msg timestamp="20220525 20:53:36.630" level="INFO">${result} = True</msg>
<status status="PASS" starttime="20220525 20:53:26.624" endtime="20220525 20:53:36.631"/>
</kw>
<kw name="ADD CONTACT" library="contacts_lib">
<var>${result}</var>
<arg>${contact1_name}</arg>
<arg>${contact1_number}</arg>
<msg timestamp="20220525 20:54:02.448" level="INFO">coral

coral

coral

coral

Contact successfully added</msg>
<msg timestamp="20220525 20:54:02.448" level="INFO">${result} = True</msg>
<status status="PASS" starttime="20220525 20:53:36.631" endtime="20220525 20:54:02.449"/>
</kw>
<kw name="ADD CONTACT" library="contacts_lib">
<var>${result}</var>
<arg>${contact2_name}</arg>
<arg>${contact2_number}</arg>
<msg timestamp="20220525 20:54:28.149" level="INFO">coral

coral

coral

coral

Contact successfully added</msg>
<msg timestamp="20220525 20:54:28.150" level="INFO">${result} = True</msg>
<status status="PASS" starttime="20220525 20:54:02.449" endtime="20220525 20:54:28.150"/>
</kw>
<kw name="Run Keyword If" library="BuiltIn">
<arg>${result}==False</arg>
<arg>Fail</arg>
<arg>ADD_CONTACT_FAILED</arg>
<arg>ELSE</arg>
<arg>LOG</arg>
<arg>PASS</arg>
<doc>Runs the given keyword with the given arguments, if ``condition`` is true.</doc>
<kw name="Log" library="BuiltIn">
<arg>PASS</arg>
<doc>Logs the given message with the given level.</doc>
<msg timestamp="20220525 20:54:28.152" level="INFO">PASS</msg>
<status status="PASS" starttime="20220525 20:54:28.152" endtime="20220525 20:54:28.152"/>
</kw>
<status status="PASS" starttime="20220525 20:54:28.151" endtime="20220525 20:54:28.152"/>
</kw>
<kw name="END TEST" library="base_lib" type="TEARDOWN">
<msg timestamp="20220525 20:54:39.162" level="INFO">coral

coral</msg>
<status status="PASS" starttime="20220525 20:54:28.153" endtime="20220525 20:54:39.162"/>
</kw>
<tag>Sanity</tag>
<status status="PASS" starttime="20220525 20:53:20.608" endtime="20220525 20:54:39.163"/>
</test>
<test id="s1-t2" name="Test_002 - SEARCH CONTACT" line="42">
<kw name="START TEST" library="base_lib" type="SETUP">
<status status="PASS" starttime="20220525 20:54:39.165" endtime="20220525 20:54:45.182"/>
</kw>
<kw name="LAUNCH CONTACTS" library="contacts_lib">
<var>${result}</var>
<msg timestamp="20220525 20:54:55.124" level="INFO">Launching Contacts</msg>
<msg timestamp="20220525 20:54:55.125" level="INFO">${result} = True</msg>
<status status="PASS" starttime="20220525 20:54:45.183" endtime="20220525 20:54:55.125"/>
</kw>
<kw name="SEARCH CONTACT BY NAME" library="contacts_lib">
<var>${result}</var>
<arg>${contact1_name}</arg>
<msg timestamp="20220525 20:54:58.706" level="INFO">coral</msg>
<msg timestamp="20220525 20:54:58.707" level="INFO">${result} = True</msg>
<status status="PASS" starttime="20220525 20:54:55.125" endtime="20220525 20:54:58.707"/>
</kw>
<kw name="Run Keyword If" library="BuiltIn">
<arg>${result}==False</arg>
<arg>Fail</arg>
<arg>SEARCH_CONTACT_FAILED</arg>
<arg>ELSE</arg>
<arg>LOG</arg>
<arg>PASS</arg>
<doc>Runs the given keyword with the given arguments, if ``condition`` is true.</doc>
<kw name="Log" library="BuiltIn">
<arg>PASS</arg>
<doc>Logs the given message with the given level.</doc>
<msg timestamp="20220525 20:54:58.709" level="INFO">PASS</msg>
<status status="PASS" starttime="20220525 20:54:58.709" endtime="20220525 20:54:58.709"/>
</kw>
<status status="PASS" starttime="20220525 20:54:58.707" endtime="20220525 20:54:58.709"/>
</kw>
<kw name="END TEST" library="base_lib" type="TEARDOWN">
<msg timestamp="20220525 20:55:09.746" level="INFO">coral

coral</msg>
<status status="PASS" starttime="20220525 20:54:58.710" endtime="20220525 20:55:09.746"/>
</kw>
<tag>Sanity</tag>
<status status="PASS" starttime="20220525 20:54:39.164" endtime="20220525 20:55:09.747"/>
</test>
<test id="s1-t3" name="Test_003 - EDIT CONTACT NAME" line="49">
<kw name="START TEST" library="base_lib" type="SETUP">
<status status="PASS" starttime="20220525 20:55:09.749" endtime="20220525 20:55:15.762"/>
</kw>
<kw name="LAUNCH CONTACTS" library="contacts_lib">
<var>${result}</var>
<msg timestamp="20220525 20:55:25.674" level="INFO">Launching Contacts</msg>
<msg timestamp="20220525 20:55:25.675" level="INFO">${result} = True</msg>
<status status="PASS" starttime="20220525 20:55:15.763" endtime="20220525 20:55:25.675"/>
</kw>
<kw name="EDIT CONTACT NAME" library="contacts_lib">
<var>${result}</var>
<arg>${contact2_name}</arg>
<arg>${changed_name}</arg>
<msg timestamp="20220525 20:55:51.387" level="INFO">coral

Exception occured JsonRPC Error code: -32002, Message: androidx.test.uiautomator.UiObjectNotFoundException: UiSelector[TEXT=abc, CLASS=android.widget.TextView]</msg>
<msg timestamp="20220525 20:55:51.388" level="INFO">${result} = False</msg>
<status status="PASS" starttime="20220525 20:55:25.675" endtime="20220525 20:55:51.388"/>
</kw>
<kw name="Run Keyword If" library="BuiltIn">
<arg>${result}==False</arg>
<arg>Fail</arg>
<arg>EDIT_CONTACT_FAILED</arg>
<arg>ELSE</arg>
<arg>LOG</arg>
<arg>PASS</arg>
<doc>Runs the given keyword with the given arguments, if ``condition`` is true.</doc>
<kw name="Fail" library="BuiltIn">
<arg>EDIT_CONTACT_FAILED</arg>
<doc>Fails the test with the given message and optionally alters its tags.</doc>
<msg timestamp="20220525 20:55:51.391" level="FAIL">EDIT_CONTACT_FAILED</msg>
<status status="FAIL" starttime="20220525 20:55:51.390" endtime="20220525 20:55:51.391"/>
</kw>
<status status="FAIL" starttime="20220525 20:55:51.389" endtime="20220525 20:55:51.392"/>
</kw>
<kw name="END TEST" library="base_lib" type="TEARDOWN">
<msg timestamp="20220525 20:56:02.516" level="INFO">coral

coral</msg>
<status status="PASS" starttime="20220525 20:55:51.392" endtime="20220525 20:56:02.516"/>
</kw>
<tag>Sanity</tag>
<status status="FAIL" starttime="20220525 20:55:09.748" endtime="20220525 20:56:02.517">EDIT_CONTACT_FAILED</status>
</test>
<test id="s1-t4" name="Test_004 - EDIT CONTACT NUMBER" line="55">
<kw name="START TEST" library="base_lib" type="SETUP">
<status status="PASS" starttime="20220525 20:56:02.519" endtime="20220525 20:56:08.534"/>
</kw>
<kw name="LAUNCH CONTACTS" library="contacts_lib">
<var>${result}</var>
<msg timestamp="20220525 20:56:18.458" level="INFO">Launching Contacts</msg>
<msg timestamp="20220525 20:56:18.458" level="INFO">${result} = True</msg>
<status status="PASS" starttime="20220525 20:56:08.535" endtime="20220525 20:56:18.459"/>
</kw>
<kw name="EDIT CONTACT NUMBER" library="contacts_lib">
<var>${result}</var>
<arg>${contact1_name}</arg>
<arg>${changed_number}</arg>
<msg timestamp="20220525 20:56:46.518" level="INFO">coral

Exception occured JsonRPC Error code: -32002, Message: androidx.test.uiautomator.UiObjectNotFoundException: UiSelector[CLASS=android.widget.TextView, RESOURCE_ID=com.android.contacts:id/menu_edit]</msg>
<msg timestamp="20220525 20:56:46.519" level="INFO">${result} = False</msg>
<status status="PASS" starttime="20220525 20:56:18.459" endtime="20220525 20:56:46.519"/>
</kw>
<kw name="Run Keyword If" library="BuiltIn">
<arg>${result}==False</arg>
<arg>Fail</arg>
<arg>EDIT_CONTACT_FAILED</arg>
<arg>ELSE</arg>
<arg>LOG</arg>
<arg>PASS</arg>
<doc>Runs the given keyword with the given arguments, if ``condition`` is true.</doc>
<kw name="Fail" library="BuiltIn">
<arg>EDIT_CONTACT_FAILED</arg>
<doc>Fails the test with the given message and optionally alters its tags.</doc>
<msg timestamp="20220525 20:56:46.522" level="FAIL">EDIT_CONTACT_FAILED</msg>
<status status="FAIL" starttime="20220525 20:56:46.521" endtime="20220525 20:56:46.522"/>
</kw>
<status status="FAIL" starttime="20220525 20:56:46.520" endtime="20220525 20:56:46.522"/>
</kw>
<kw name="END TEST" library="base_lib" type="TEARDOWN">
<msg timestamp="20220525 20:56:57.546" level="INFO">coral

coral</msg>
<status status="PASS" starttime="20220525 20:56:46.523" endtime="20220525 20:56:57.546"/>
</kw>
<tag>Sanity</tag>
<status status="FAIL" starttime="20220525 20:56:02.518" endtime="20220525 20:56:57.547">EDIT_CONTACT_FAILED</status>
</test>
<test id="s1-t5" name="Test_005 - EXPORT CONTACT" line="62">
<kw name="START TEST" library="base_lib" type="SETUP">
<status status="PASS" starttime="20220525 20:56:57.549" endtime="20220525 20:57:03.565"/>
</kw>
<kw name="LAUNCH CONTACTS" library="contacts_lib">
<var>${result}</var>
<msg timestamp="20220525 20:57:13.506" level="INFO">Launching Contacts</msg>
<msg timestamp="20220525 20:57:13.506" level="INFO">${result} = True</msg>
<status status="PASS" starttime="20220525 20:57:03.566" endtime="20220525 20:57:13.506"/>
</kw>
<kw name="EXPORT CONTACTS" library="contacts_lib">
<var>${result}</var>
<msg timestamp="20220525 20:57:36.494" level="INFO">coral

coral

Exception occured JsonRPC Error code: -32002, Message: androidx.test.uiautomator.UiObjectNotFoundException: UiSelector[TEXT=com.google.android.contacts:id/navigation_bar_item_icon_view, CLASS=android.widget.ImageView]</msg>
<msg timestamp="20220525 20:57:36.494" level="INFO">${result} = False</msg>
<status status="PASS" starttime="20220525 20:57:13.507" endtime="20220525 20:57:36.495"/>
</kw>
<kw name="Run Keyword If" library="BuiltIn">
<arg>${result}==False</arg>
<arg>Fail</arg>
<arg>EXPORT_CONTACT_FAILED</arg>
<arg>ELSE</arg>
<arg>LOG</arg>
<arg>PASS</arg>
<doc>Runs the given keyword with the given arguments, if ``condition`` is true.</doc>
<kw name="Fail" library="BuiltIn">
<arg>EXPORT_CONTACT_FAILED</arg>
<doc>Fails the test with the given message and optionally alters its tags.</doc>
<msg timestamp="20220525 20:57:36.497" level="FAIL">EXPORT_CONTACT_FAILED</msg>
<status status="FAIL" starttime="20220525 20:57:36.496" endtime="20220525 20:57:36.497"/>
</kw>
<status status="FAIL" starttime="20220525 20:57:36.495" endtime="20220525 20:57:36.498"/>
</kw>
<kw name="END TEST" library="base_lib" type="TEARDOWN">
<msg timestamp="20220525 20:57:47.525" level="INFO">coral

coral</msg>
<status status="PASS" starttime="20220525 20:57:36.499" endtime="20220525 20:57:47.525"/>
</kw>
<tag>Sanity</tag>
<status status="FAIL" starttime="20220525 20:56:57.548" endtime="20220525 20:57:47.526">EXPORT_CONTACT_FAILED</status>
</test>
<test id="s1-t6" name="Test_006 - IMPORT CONTACTS" line="69">
<kw name="START TEST" library="base_lib" type="SETUP">
<status status="PASS" starttime="20220525 20:57:47.528" endtime="20220525 20:57:53.544"/>
</kw>
<kw name="LAUNCH CONTACTS" library="contacts_lib">
<var>${result}</var>
<msg timestamp="20220525 20:58:03.468" level="INFO">Launching Contacts</msg>
<msg timestamp="20220525 20:58:03.468" level="INFO">${result} = True</msg>
<status status="PASS" starttime="20220525 20:57:53.545" endtime="20220525 20:58:03.469"/>
</kw>
<kw name="IMPORT CONTACTS" library="contacts_lib">
<var>${result}</var>
<msg timestamp="20220525 20:58:26.404" level="INFO">coral

Exception occured JsonRPC Error code: -32002, Message: androidx.test.uiautomator.UiObjectNotFoundException: UiSelector[TEXT=com.google.android.contacts:id/navigation_bar_item_icon_view, CLASS=android.widget.ImageView]</msg>
<msg timestamp="20220525 20:58:26.405" level="INFO">${result} = False</msg>
<status status="PASS" starttime="20220525 20:58:03.469" endtime="20220525 20:58:26.405"/>
</kw>
<kw name="Run Keyword If" library="BuiltIn">
<arg>${result}==False</arg>
<arg>Fail</arg>
<arg>IMPORT_CONTACT_FAILED</arg>
<arg>ELSE</arg>
<arg>LOG</arg>
<arg>PASS</arg>
<doc>Runs the given keyword with the given arguments, if ``condition`` is true.</doc>
<kw name="Fail" library="BuiltIn">
<arg>IMPORT_CONTACT_FAILED</arg>
<doc>Fails the test with the given message and optionally alters its tags.</doc>
<msg timestamp="20220525 20:58:26.408" level="FAIL">IMPORT_CONTACT_FAILED</msg>
<status status="FAIL" starttime="20220525 20:58:26.407" endtime="20220525 20:58:26.408"/>
</kw>
<status status="FAIL" starttime="20220525 20:58:26.406" endtime="20220525 20:58:26.408"/>
</kw>
<kw name="END TEST" library="base_lib" type="TEARDOWN">
<msg timestamp="20220525 20:58:37.421" level="INFO">coral

coral</msg>
<status status="PASS" starttime="20220525 20:58:26.408" endtime="20220525 20:58:37.421"/>
</kw>
<tag>Sanity</tag>
<status status="FAIL" starttime="20220525 20:57:47.527" endtime="20220525 20:58:37.422">IMPORT_CONTACT_FAILED</status>
</test>
<test id="s1-t7" name="Test_007 - SEND TEXT MESSAGE" line="76">
<kw name="START TEST" library="base_lib" type="SETUP">
<status status="PASS" starttime="20220525 20:58:37.424" endtime="20220525 20:58:43.438"/>
</kw>
<kw name="LAUNCH CONTACTS" library="contacts_lib">
<var>${result}</var>
<msg timestamp="20220525 20:58:53.353" level="INFO">Launching Contacts</msg>
<msg timestamp="20220525 20:58:53.353" level="INFO">${result} = True</msg>
<status status="PASS" starttime="20220525 20:58:43.439" endtime="20220525 20:58:53.353"/>
</kw>
<kw name="SEND MESSAGE" library="contacts_lib">
<var>${result}</var>
<arg>${contact1_name}</arg>
<arg>${message}</arg>
<msg timestamp="20220525 20:59:23.885" level="INFO">coral

coral

Exception occured JsonRPC Error code: -32002, Message: androidx.test.uiautomator.UiObjectNotFoundException: UiSelector[TEXT=Text, CLASS=android.widget.TextView]</msg>
<msg timestamp="20220525 20:59:23.885" level="INFO">${result} = False</msg>
<status status="PASS" starttime="20220525 20:58:53.354" endtime="20220525 20:59:23.886"/>
</kw>
<kw name="Run Keyword If" library="BuiltIn">
<arg>${result}==False</arg>
<arg>Fail</arg>
<arg>MESSAGE_CONTACT_FAILED</arg>
<arg>ELSE</arg>
<arg>LOG</arg>
<arg>PASS</arg>
<doc>Runs the given keyword with the given arguments, if ``condition`` is true.</doc>
<kw name="Fail" library="BuiltIn">
<arg>MESSAGE_CONTACT_FAILED</arg>
<doc>Fails the test with the given message and optionally alters its tags.</doc>
<msg timestamp="20220525 20:59:23.888" level="FAIL">MESSAGE_CONTACT_FAILED</msg>
<status status="FAIL" starttime="20220525 20:59:23.887" endtime="20220525 20:59:23.889"/>
</kw>
<status status="FAIL" starttime="20220525 20:59:23.886" endtime="20220525 20:59:23.889"/>
</kw>
<kw name="END TEST" library="base_lib" type="TEARDOWN">
<msg timestamp="20220525 20:59:34.963" level="INFO">coral

coral</msg>
<status status="PASS" starttime="20220525 20:59:23.890" endtime="20220525 20:59:34.964"/>
</kw>
<tag>Sanity</tag>
<status status="FAIL" starttime="20220525 20:58:37.423" endtime="20220525 20:59:34.965">MESSAGE_CONTACT_FAILED</status>
</test>
<test id="s1-t8" name="Test_008 - DELETE CONTACT" line="82">
<kw name="START TEST" library="base_lib" type="SETUP">
<status status="PASS" starttime="20220525 20:59:34.967" endtime="20220525 20:59:40.982"/>
</kw>
<kw name="LAUNCH CONTACTS" library="contacts_lib">
<var>${result}</var>
<msg timestamp="20220525 20:59:50.906" level="INFO">Launching Contacts</msg>
<msg timestamp="20220525 20:59:50.907" level="INFO">${result} = True</msg>
<status status="PASS" starttime="20220525 20:59:40.983" endtime="20220525 20:59:50.907"/>
</kw>
<kw name="DELETE CONTACT" library="contacts_lib">
<var>${result}</var>
<arg>${contact1_name}</arg>
<msg timestamp="20220525 20:59:50.928" level="INFO">coral</msg>
<msg timestamp="20220525 20:59:50.928" level="INFO">${result} = True</msg>
<status status="PASS" starttime="20220525 20:59:50.907" endtime="20220525 20:59:50.928"/>
</kw>
<kw name="Run Keyword If" library="BuiltIn">
<arg>${result}==False</arg>
<arg>Fail</arg>
<arg>DELETE_CONTACT_FAILED</arg>
<arg>ELSE</arg>
<arg>LOG</arg>
<arg>PASS</arg>
<doc>Runs the given keyword with the given arguments, if ``condition`` is true.</doc>
<kw name="Log" library="BuiltIn">
<arg>PASS</arg>
<doc>Logs the given message with the given level.</doc>
<msg timestamp="20220525 20:59:50.931" level="INFO">PASS</msg>
<status status="PASS" starttime="20220525 20:59:50.930" endtime="20220525 20:59:50.931"/>
</kw>
<status status="PASS" starttime="20220525 20:59:50.929" endtime="20220525 20:59:50.931"/>
</kw>
<kw name="END TEST" library="base_lib" type="TEARDOWN">
<msg timestamp="20220525 21:00:01.953" level="INFO">coral

coral</msg>
<status status="PASS" starttime="20220525 20:59:50.931" endtime="20220525 21:00:01.954"/>
</kw>
<tag>Sanity</tag>
<status status="PASS" starttime="20220525 20:59:34.966" endtime="20220525 21:00:01.954"/>
</test>
<doc>Sanity test</doc>
<meta name="Build ID">QD1A.190821.007
</meta>
<meta name="Device Model">Pixel 4 XL
</meta>
<meta name="Device Name">coral
</meta>
<meta name="OS Version">10
</meta>
<status status="FAIL" starttime="20220525 20:52:28.714" endtime="20220525 21:00:01.956"/>
</suite>
<statistics>
<total>
<stat pass="3" fail="5" skip="0">All Tests</stat>
</total>
<tag>
<stat pass="3" fail="5" skip="0">Sanity</stat>
</tag>
<suite>
<stat pass="3" fail="5" skip="0" id="s1" name="Contacts Testcases">Contacts Testcases</stat>
</suite>
</statistics>
<errors>
</errors>
</robot>
